<?xml version="1.0" encoding="UTF-8"?>
<!-- Generated by org.testng.reporters.JUnitXMLReporter -->
<testsuite hostname="Parul" ignored="0" name="Surefire test" tests="3" failures="0" timestamp="2021-03-07T20:54:41 GMT" time="0.09" errors="0">
  <testcase name="AppiumAutomationtest" time="0.01" classname="qaclickacademy.AppiumTest"/>
  <testcase name="ApiAutomationtest" time="0.001" classname="qaclickacademy.RestAssuredAPITest"/>
  <testcase name="SeleniumAutomationtest" time="0.001" classname="qaclickacademy.SeleniumTest"/>
</testsuite> <!-- Surefire test -->
