<?xml version="1.0" encoding="UTF-8"?>
<testng-results skipped="0" failed="0" ignored="0" total="3" passed="3">
  <reporter-output>
  </reporter-output>
  <suite name="Surefire suite" duration-ms="90" started-at="2021-03-07T20:54:41 GMT" finished-at="2021-03-07T20:54:41 GMT">
    <groups>
    </groups>
    <test name="Surefire test" duration-ms="90" started-at="2021-03-07T20:54:41 GMT" finished-at="2021-03-07T20:54:41 GMT">
      <class name="qaclickacademy.AppiumTest">
        <test-method status="PASS" signature="AppiumAutomationtest()[pri:0, instance:qaclickacademy.AppiumTest@5ae63ade]" name="AppiumAutomationtest" duration-ms="10" started-at="2021-03-07T20:54:41 GMT" finished-at="2021-03-07T20:54:41 GMT">
          <reporter-output>
          </reporter-output>
        </test-method> <!-- AppiumAutomationtest -->
      </class> <!-- qaclickacademy.AppiumTest -->
      <class name="qaclickacademy.RestAssuredAPITest">
        <test-method status="PASS" signature="ApiAutomationtest()[pri:0, instance:qaclickacademy.RestAssuredAPITest@6e6c3152]" name="ApiAutomationtest" duration-ms="1" started-at="2021-03-07T20:54:41 GMT" finished-at="2021-03-07T20:54:41 GMT">
          <reporter-output>
          </reporter-output>
        </test-method> <!-- ApiAutomationtest -->
      </class> <!-- qaclickacademy.RestAssuredAPITest -->
      <class name="qaclickacademy.SeleniumTest">
        <test-method status="PASS" signature="SeleniumAutomationtest()[pri:0, instance:qaclickacademy.SeleniumTest@50b494a6]" name="SeleniumAutomationtest" duration-ms="1" started-at="2021-03-07T20:54:41 GMT" finished-at="2021-03-07T20:54:41 GMT">
          <reporter-output>
          </reporter-output>
        </test-method> <!-- SeleniumAutomationtest -->
      </class> <!-- qaclickacademy.SeleniumTest -->
    </test> <!-- Surefire test -->
  </suite> <!-- Surefire suite -->
</testng-results>
